<?xml version="1.0" encoding="utf-8" standalone="no"?>
<test-results xmlns:xsi="http://www.w3.org/2001/XMLSchema-instance" xsi:noNamespaceSchemaLocation="nunit_schema_2.5.xsd" name="Pester" total="50" errors="0" failures="6" not-run="0" inconclusive="0" ignored="0" skipped="2" invalid="0" date="2022-07-26" time="03:12:11">
  <environment cwd="E:\Owner\Documents\Google Drive\Programs\Scripts\PowerShell\PsDfs\tests" user-domain="JLA-LoftHTPC" machine-name="JLA-LOFTHTPC" platform="Microsoft Windows 10 Pro|C:\WINDOWS|\Device\Harddisk0\Partition2" nunit-version="2.5.8.0" user="Owner" os-version="10.0.19044" clr-version="Unknown" />
  <culture-info current-culture="en-US" current-uiculture="en-US" />
  <test-suite type="TestFixture" name="Pester" executed="True" result="Failure" success="False" time="1.3483" asserts="0" description="Pester">
    <results>
      <test-suite type="TestFixture" name="E:\Owner\Documents\Google Drive\Programs\Scripts\PowerShell\PsDfs\tests\Function.tests.ps1" executed="True" result="Success" success="True" time="0.1515" asserts="0" description="E:\Owner\Documents\Google Drive\Programs\Scripts\PowerShell\PsDfs\tests\Function.tests.ps1">
        <results>
          <test-suite type="TestFixture" name="function 'Get-DfsNetInfo.ps1'" executed="True" result="Success" success="True" time="0.0371" asserts="0" description="function 'Get-DfsNetInfo.ps1'">
            <results>
              <test-suite type="ParameterizedTest" name="function 'Get-DfsNetInfo.ps1'.can be tokenized by the PowerShell parser without any errors" executed="True" result="Success" success="True" time="0.0115" asserts="0" description="can be tokenized by the PowerShell parser without any errors">
                <results>
                  <test-case description="can be tokenized by the PowerShell parser without any errors" name="function 'Get-DfsNetInfo.ps1'.can be tokenized by the PowerShell parser without any errors(&quot;E:\Owner\Documents\Google Drive\Programs\Scripts\PowerShell\PsDfs\src\functions\public\Get-DfsNetInfo.ps1&quot;)" time="0.0115" asserts="0" success="True" result="Success" executed="True" />
                </results>
              </test-suite>
              <test-suite type="ParameterizedTest" name="function 'Get-DfsNetInfo.ps1'.runs without throwing errors" executed="True" result="Success" success="True" time="0.0206" asserts="0" description="runs without throwing errors">
                <results>
                  <test-case description="runs without throwing errors" name="function 'Get-DfsNetInfo.ps1'.runs without throwing errors(&quot;E:\Owner\Documents\Google Drive\Programs\Scripts\PowerShell\PsDfs\src\functions\public\Get-DfsNetInfo.ps1&quot;)" time="0.0206" asserts="0" success="True" result="Success" executed="True" />
                </results>
              </test-suite>
            </results>
          </test-suite>
          <test-suite type="TestFixture" name="function 'Get-FileShareInfo.ps1'" executed="True" result="Success" success="True" time="0.055" asserts="0" description="function 'Get-FileShareInfo.ps1'">
            <results>
              <test-suite type="ParameterizedTest" name="function 'Get-FileShareInfo.ps1'.can be tokenized by the PowerShell parser without any errors" executed="True" result="Success" success="True" time="0.0066" asserts="0" description="can be tokenized by the PowerShell parser without any errors">
                <results>
                  <test-case description="can be tokenized by the PowerShell parser without any errors" name="function 'Get-FileShareInfo.ps1'.can be tokenized by the PowerShell parser without any errors(&quot;E:\Owner\Documents\Google Drive\Programs\Scripts\PowerShell\PsDfs\src\functions\public\Get-FileShareInfo.ps1&quot;)" time="0.0066" asserts="0" success="True" result="Success" executed="True" />
                </results>
              </test-suite>
              <test-suite type="ParameterizedTest" name="function 'Get-FileShareInfo.ps1'.runs without throwing errors" executed="True" result="Success" success="True" time="0.0084" asserts="0" description="runs without throwing errors">
                <results>
                  <test-case description="runs without throwing errors" name="function 'Get-FileShareInfo.ps1'.runs without throwing errors(&quot;E:\Owner\Documents\Google Drive\Programs\Scripts\PowerShell\PsDfs\src\functions\public\Get-FileShareInfo.ps1&quot;)" time="0.0084" asserts="0" success="True" result="Success" executed="True" />
                </results>
              </test-suite>
            </results>
          </test-suite>
          <test-suite type="TestFixture" name="function 'Get-NetDfsEnum.ps1'" executed="True" result="Success" success="True" time="0.0734" asserts="0" description="function 'Get-NetDfsEnum.ps1'">
            <results>
              <test-suite type="ParameterizedTest" name="function 'Get-NetDfsEnum.ps1'.can be tokenized by the PowerShell parser without any errors" executed="True" result="Success" success="True" time="0.0078" asserts="0" description="can be tokenized by the PowerShell parser without any errors">
                <results>
                  <test-case description="can be tokenized by the PowerShell parser without any errors" name="function 'Get-NetDfsEnum.ps1'.can be tokenized by the PowerShell parser without any errors(&quot;E:\Owner\Documents\Google Drive\Programs\Scripts\PowerShell\PsDfs\src\functions\public\Get-NetDfsEnum.ps1&quot;)" time="0.0078" asserts="0" success="True" result="Success" executed="True" />
                </results>
              </test-suite>
              <test-suite type="ParameterizedTest" name="function 'Get-NetDfsEnum.ps1'.runs without throwing errors" executed="True" result="Success" success="True" time="0.0079" asserts="0" description="runs without throwing errors">
                <results>
                  <test-case description="runs without throwing errors" name="function 'Get-NetDfsEnum.ps1'.runs without throwing errors(&quot;E:\Owner\Documents\Google Drive\Programs\Scripts\PowerShell\PsDfs\src\functions\public\Get-NetDfsEnum.ps1&quot;)" time="0.0079" asserts="0" success="True" result="Success" executed="True" />
                </results>
              </test-suite>
            </results>
          </test-suite>
        </results>
      </test-suite>
      <test-suite type="TestFixture" name="E:\Owner\Documents\Google Drive\Programs\Scripts\PowerShell\PsDfs\tests\Help.tests.ps1" executed="True" result="Failure" success="False" time="0.5278" asserts="0" description="E:\Owner\Documents\Google Drive\Programs\Scripts\PowerShell\PsDfs\tests\Help.tests.ps1">
        <results>
          <test-suite type="TestFixture" name="help for Get-DfsNetInfo" executed="True" result="Failure" success="False" time="0.1728" asserts="0" description="help for Get-DfsNetInfo">
            <results>
              <test-suite type="TestFixture" name="help for Get-DfsNetInfo.- Help for parameter 'Credentials'" executed="True" result="Failure" success="False" time="0.1097" asserts="0" description="help for Get-DfsNetInfo.- Help for parameter 'Credentials'">
                <results>
                  <test-case description="has a description" name="help for Get-DfsNetInfo.- Help for parameter 'Credentials'.has a description" time="0.0125" asserts="0" success="True" result="Success" executed="True" />
                  <test-case description="has the correct [mandatory] value" name="help for Get-DfsNetInfo.- Help for parameter 'Credentials'.has the correct [mandatory] value" time="0.0062" asserts="0" success="True" result="Success" executed="True" />
                  <test-case description="has the correct parameter type" name="help for Get-DfsNetInfo.- Help for parameter 'Credentials'.has the correct parameter type" time="0.0335" asserts="0" success="False" result="Failure" executed="True">
                    <failure>
                      <message>Expected strings to be the same, but they were different.
Expected length: 12
Actual length:   41
Strings differ at index 0.
Expected: 'PSCredential'
But was:  'System.Management.Automation.PSCredential'
           ^</message>
                      <stack-trace>at $parameterHelpType | Should -Be $parameter.ParameterType.Name, E:\Owner\Documents\Google Drive\Programs\Scripts\PowerShell\PsDfs\tests\Help.tests.ps1:114
at &lt;ScriptBlock&gt;, E:\Owner\Documents\Google Drive\Programs\Scripts\PowerShell\PsDfs\tests\Help.tests.ps1:114</stack-trace>
                    </failure>
                  </test-case>
                </results>
              </test-suite>
              <test-suite type="TestFixture" name="help for Get-DfsNetInfo.- Help for parameter 'FolderPath'" executed="True" result="Failure" success="False" time="0.1496" asserts="0" description="help for Get-DfsNetInfo.- Help for parameter 'FolderPath'">
                <results>
                  <test-case description="has a description" name="help for Get-DfsNetInfo.- Help for parameter 'FolderPath'.has a description" time="0.0078" asserts="0" success="True" result="Success" executed="True" />
                  <test-case description="has the correct [mandatory] value" name="help for Get-DfsNetInfo.- Help for parameter 'FolderPath'.has the correct [mandatory] value" time="0.0051" asserts="0" success="True" result="Success" executed="True" />
                  <test-case description="has the correct parameter type" name="help for Get-DfsNetInfo.- Help for parameter 'FolderPath'.has the correct parameter type" time="0.0212" asserts="0" success="False" result="Failure" executed="True">
                    <failure>
                      <message>Expected strings to be the same, but they were different.
Expected length: 8
Actual length:   15
Strings differ at index 1.
Expected: 'String[]'
But was:  'System.String[]'
           -^</message>
                      <stack-trace>at $parameterHelpType | Should -Be $parameter.ParameterType.Name, E:\Owner\Documents\Google Drive\Programs\Scripts\PowerShell\PsDfs\tests\Help.tests.ps1:114
at &lt;ScriptBlock&gt;, E:\Owner\Documents\Google Drive\Programs\Scripts\PowerShell\PsDfs\tests\Help.tests.ps1:114</stack-trace>
                    </failure>
                  </test-case>
                </results>
              </test-suite>
              <test-case description="is not auto-generated" name="help for Get-DfsNetInfo.is not auto-generated" time="0.0097" asserts="0" success="True" result="Success" executed="True" />
              <test-case description="has a description" name="help for Get-DfsNetInfo.has a description" time="0.0193" asserts="0" success="True" result="Success" executed="True" />
              <test-case description="has example code" name="help for Get-DfsNetInfo.has example code" time="0.0074" asserts="0" success="True" result="Success" executed="True" />
              <test-case description="has example help" name="help for Get-DfsNetInfo.has example help" time="0.0114" asserts="0" success="True" result="Success" executed="True" />
            </results>
          </test-suite>
          <test-suite type="TestFixture" name="help for Get-FileShareInfo" executed="True" result="Failure" success="False" time="0.2595" asserts="0" description="help for Get-FileShareInfo">
            <results>
              <test-suite type="TestFixture" name="help for Get-FileShareInfo.- Help for parameter 'ServerAndShare'" executed="True" result="Failure" success="False" time="0.0696" asserts="0" description="help for Get-FileShareInfo.- Help for parameter 'ServerAndShare'">
                <results>
                  <test-case description="has a description" name="help for Get-FileShareInfo.- Help for parameter 'ServerAndShare'.has a description" time="0.0125" asserts="0" success="True" result="Success" executed="True" />
                  <test-case description="has the correct [mandatory] value" name="help for Get-FileShareInfo.- Help for parameter 'ServerAndShare'.has the correct [mandatory] value" time="0.0102" asserts="0" success="True" result="Success" executed="True" />
                  <test-case description="has the correct parameter type" name="help for Get-FileShareInfo.- Help for parameter 'ServerAndShare'.has the correct parameter type" time="0.0183" asserts="0" success="False" result="Failure" executed="True">
                    <failure>
                      <message>Expected strings to be the same, but they were different.
Expected length: 10
Actual length:   39
Strings differ at index 0.
Expected: 'PSObject[]'
But was:  'System.Management.Automation.PSObject[]'
           ^</message>
                      <stack-trace>at $parameterHelpType | Should -Be $parameter.ParameterType.Name, E:\Owner\Documents\Google Drive\Programs\Scripts\PowerShell\PsDfs\tests\Help.tests.ps1:114
at &lt;ScriptBlock&gt;, E:\Owner\Documents\Google Drive\Programs\Scripts\PowerShell\PsDfs\tests\Help.tests.ps1:114</stack-trace>
                    </failure>
                  </test-case>
                </results>
              </test-suite>
              <test-case description="is not auto-generated" name="help for Get-FileShareInfo.is not auto-generated" time="0.0053" asserts="0" success="True" result="Success" executed="True" />
              <test-case description="has a description" name="help for Get-FileShareInfo.has a description" time="0.0048" asserts="0" success="True" result="Success" executed="True" />
              <test-case description="has example code" name="help for Get-FileShareInfo.has example code" time="0.0048" asserts="0" success="True" result="Success" executed="True" />
              <test-case description="has example help" name="help for Get-FileShareInfo.has example help" time="0.0065" asserts="0" success="True" result="Success" executed="True" />
            </results>
          </test-suite>
          <test-suite type="TestFixture" name="help for Get-NetDfsEnum" executed="True" result="Failure" success="False" time="0.3961" asserts="0" description="help for Get-NetDfsEnum">
            <results>
              <test-suite type="TestFixture" name="help for Get-NetDfsEnum.- Help for parameter 'Credentials'" executed="True" result="Failure" success="False" time="0.0822" asserts="0" description="help for Get-NetDfsEnum.- Help for parameter 'Credentials'">
                <results>
                  <test-case description="has a description" name="help for Get-NetDfsEnum.- Help for parameter 'Credentials'.has a description" time="0.0108" asserts="0" success="True" result="Success" executed="True" />
                  <test-case description="has the correct [mandatory] value" name="help for Get-NetDfsEnum.- Help for parameter 'Credentials'.has the correct [mandatory] value" time="0.0048" asserts="0" success="True" result="Success" executed="True" />
                  <test-case description="has the correct parameter type" name="help for Get-NetDfsEnum.- Help for parameter 'Credentials'.has the correct parameter type" time="0.0253" asserts="0" success="False" result="Failure" executed="True">
                    <failure>
                      <message>Expected strings to be the same, but they were different.
Expected length: 12
Actual length:   41
Strings differ at index 0.
Expected: 'PSCredential'
But was:  'System.Management.Automation.PSCredential'
           ^</message>
                      <stack-trace>at $parameterHelpType | Should -Be $parameter.ParameterType.Name, E:\Owner\Documents\Google Drive\Programs\Scripts\PowerShell\PsDfs\tests\Help.tests.ps1:114
at &lt;ScriptBlock&gt;, E:\Owner\Documents\Google Drive\Programs\Scripts\PowerShell\PsDfs\tests\Help.tests.ps1:114</stack-trace>
                    </failure>
                  </test-case>
                </results>
              </test-suite>
              <test-suite type="TestFixture" name="help for Get-NetDfsEnum.- Help for parameter 'FolderPath'" executed="True" result="Failure" success="False" time="0.1155" asserts="0" description="help for Get-NetDfsEnum.- Help for parameter 'FolderPath'">
                <results>
                  <test-case description="has a description" name="help for Get-NetDfsEnum.- Help for parameter 'FolderPath'.has a description" time="0.0061" asserts="0" success="True" result="Success" executed="True" />
                  <test-case description="has the correct [mandatory] value" name="help for Get-NetDfsEnum.- Help for parameter 'FolderPath'.has the correct [mandatory] value" time="0.0052" asserts="0" success="True" result="Success" executed="True" />
                  <test-case description="has the correct parameter type" name="help for Get-NetDfsEnum.- Help for parameter 'FolderPath'.has the correct parameter type" time="0.0156" asserts="0" success="False" result="Failure" executed="True">
                    <failure>
                      <message>Expected strings to be the same, but they were different.
Expected length: 8
Actual length:   15
Strings differ at index 1.
Expected: 'String[]'
But was:  'System.String[]'
           -^</message>
                      <stack-trace>at $parameterHelpType | Should -Be $parameter.ParameterType.Name, E:\Owner\Documents\Google Drive\Programs\Scripts\PowerShell\PsDfs\tests\Help.tests.ps1:114
at &lt;ScriptBlock&gt;, E:\Owner\Documents\Google Drive\Programs\Scripts\PowerShell\PsDfs\tests\Help.tests.ps1:114</stack-trace>
                    </failure>
                  </test-case>
                </results>
              </test-suite>
              <test-case description="is not auto-generated" name="help for Get-NetDfsEnum.is not auto-generated" time="0.0131" asserts="0" success="True" result="Success" executed="True" />
              <test-case description="has a description" name="help for Get-NetDfsEnum.has a description" time="0.0032" asserts="0" success="True" result="Success" executed="True" />
              <test-case description="has example code" name="help for Get-NetDfsEnum.has example code" time="0.006" asserts="0" success="True" result="Success" executed="True" />
              <test-case description="has example help" name="help for Get-NetDfsEnum.has example help" time="0.0075" asserts="0" success="True" result="Success" executed="True" />
            </results>
          </test-suite>
        </results>
      </test-suite>
      <test-suite type="TestFixture" name="E:\Owner\Documents\Google Drive\Programs\Scripts\PowerShell\PsDfs\tests\Manifest.tests.ps1" executed="True" result="Ignored" success="True" time="0.2429" asserts="0" description="E:\Owner\Documents\Google Drive\Programs\Scripts\PowerShell\PsDfs\tests\Manifest.tests.ps1">
        <results>
          <test-suite type="TestFixture" name="module manifest 'PsDfs.psd1'" executed="True" result="Success" success="True" time="0.0451" asserts="0" description="module manifest 'PsDfs.psd1'">
            <results>
              <test-suite type="TestFixture" name="module manifest 'PsDfs.psd1'.- Validation" executed="True" result="Success" success="True" time="0.0424" asserts="0" description="module manifest 'PsDfs.psd1'.- Validation">
                <results>
                  <test-case description="is a valid manifest" name="module manifest 'PsDfs.psd1'.- Validation.is a valid manifest" time="0.0042" asserts="0" success="True" result="Success" executed="True" />
                  <test-case description="has a valid name in the manifest" name="module manifest 'PsDfs.psd1'.- Validation.has a valid name in the manifest" time="0.0052" asserts="0" success="True" result="Success" executed="True" />
                  <test-case description="has a valid root module" name="module manifest 'PsDfs.psd1'.- Validation.has a valid root module" time="0.0036" asserts="0" success="True" result="Success" executed="True" />
                  <test-case description="has a valid version" name="module manifest 'PsDfs.psd1'.- Validation.has a valid version" time="0.0038" asserts="0" success="True" result="Success" executed="True" />
                  <test-case description="has a valid description" name="module manifest 'PsDfs.psd1'.- Validation.has a valid description" time="0.0081" asserts="0" success="True" result="Success" executed="True" />
                  <test-case description="has a valid author" name="module manifest 'PsDfs.psd1'.- Validation.has a valid author" time="0.0032" asserts="0" success="True" result="Success" executed="True" />
                  <test-case description="has a valid guid" name="module manifest 'PsDfs.psd1'.- Validation.has a valid guid" time="0.0043" asserts="0" success="True" result="Success" executed="True" />
                  <test-case description="has a valid copyright" name="module manifest 'PsDfs.psd1'.- Validation.has a valid copyright" time="0.0062" asserts="0" success="True" result="Success" executed="True" />
                </results>
              </test-suite>
            </results>
          </test-suite>
          <test-suite type="TestFixture" name="Git tagging" executed="True" result="Ignored" success="True" time="0.0641" asserts="0" description="Git tagging">
            <results>
              <test-suite type="TestFixture" name="Git tagging.- Git tag version ''" executed="True" result="Ignored" success="True" time="0.0129" asserts="0" description="Git tagging.- Git tag version ''">
                <results>
                  <test-case description="is a valid version" name="Git tagging.- Git tag version ''.is a valid version" time="0.004" asserts="0" success="False" result="Ignored" executed="False" />
                  <test-case description="matches the module manifest version" name="Git tagging.- Git tag version ''.matches the module manifest version" time="0.0056" asserts="0" success="False" result="Ignored" executed="False" />
                </results>
              </test-suite>
            </results>
          </test-suite>
        </results>
      </test-suite>
      <test-suite type="TestFixture" name="E:\Owner\Documents\Google Drive\Programs\Scripts\PowerShell\PsDfs\tests\Metadata.tests.ps1" executed="True" result="Failure" success="False" time="0.1626" asserts="0" description="E:\Owner\Documents\Google Drive\Programs\Scripts\PowerShell\PsDfs\tests\Metadata.tests.ps1">
        <results>
          <test-suite type="TestFixture" name="text files" executed="True" result="Failure" success="False" time="0.0397" asserts="0" description="text files">
            <results>
              <test-suite type="TestFixture" name="text files.- File Encoding" executed="True" result="Success" success="True" time="0.0177" asserts="0" description="text files.- File Encoding">
                <results>
                  <test-case description="do not use Unicode/UTF-16 encoding" name="text files.- File Encoding.do not use Unicode/UTF-16 encoding" time="0.0127" asserts="0" success="True" result="Success" executed="True" />
                </results>
              </test-suite>
              <test-suite type="TestFixture" name="text files.- Indentations" executed="True" result="Failure" success="False" time="0.0347" asserts="0" description="text files.- Indentations">
                <results>
                  <test-case description="do not use tabs for indentations" name="text files.- Indentations.do not use tabs for indentations" time="0.0108" asserts="0" success="False" result="Failure" executed="True">
                    <failure>
                      <message>Expected 0, but got 2.</message>
                      <stack-trace>at $totalTabsCount | Should -Be 0, E:\Owner\Documents\Google Drive\Programs\Scripts\PowerShell\PsDfs\tests\Metadata.tests.ps1:47
at &lt;ScriptBlock&gt;, E:\Owner\Documents\Google Drive\Programs\Scripts\PowerShell\PsDfs\tests\Metadata.tests.ps1:47</stack-trace>
                    </failure>
                  </test-case>
                </results>
              </test-suite>
            </results>
          </test-suite>
        </results>
      </test-suite>
      <test-suite type="TestFixture" name="E:\Owner\Documents\Google Drive\Programs\Scripts\PowerShell\PsDfs\tests\Module.tests.ps1" executed="True" result="Success" success="True" time="0.106" asserts="0" description="E:\Owner\Documents\Google Drive\Programs\Scripts\PowerShell\PsDfs\tests\Module.tests.ps1">
        <results>
          <test-suite type="TestFixture" name="PowerShell files in module 'PsDfs'" executed="True" result="Success" success="True" time="0.0298" asserts="0" description="PowerShell files in module 'PsDfs'">
            <results>
              <test-suite type="ParameterizedTest" name="PowerShell files in module 'PsDfs'.'&lt;Script&gt;' can be tokenized by the PowerShell parser without any errors" executed="True" result="Success" success="True" time="0.026" asserts="0" description="'&lt;Script&gt;' can be tokenized by the PowerShell parser without any errors">
                <results>
                  <test-case description="'E:\Owner\Documents\Google Drive\Programs\Scripts\PowerShell\PsDfs\dist\1.0.12\PsDfs\PsDfs.psd1' can be tokenized by the PowerShell parser without any errors" name="PowerShell files in module 'PsDfs'.'E:\Owner\Documents\Google Drive\Programs\Scripts\PowerShell\PsDfs\dist\1.0.12\PsDfs\PsDfs.psd1' can be tokenized by the PowerShell parser without any errors" time="0.0129" asserts="0" success="True" result="Success" executed="True" />
                  <test-case description="'E:\Owner\Documents\Google Drive\Programs\Scripts\PowerShell\PsDfs\dist\1.0.12\PsDfs\PsDfs.psm1' can be tokenized by the PowerShell parser without any errors" name="PowerShell files in module 'PsDfs'.'E:\Owner\Documents\Google Drive\Programs\Scripts\PowerShell\PsDfs\dist\1.0.12\PsDfs\PsDfs.psm1' can be tokenized by the PowerShell parser without any errors" time="0.0131" asserts="0" success="True" result="Success" executed="True" />
                </results>
              </test-suite>
            </results>
          </test-suite>
          <test-suite type="TestFixture" name="module 'PsDfs'" executed="True" result="Success" success="True" time="0.0434" asserts="0" description="module 'PsDfs'">
            <results>
              <test-suite type="ParameterizedTest" name="module 'PsDfs'.can be imported without any errors" executed="True" result="Success" success="True" time="0.0102" asserts="0" description="can be imported without any errors">
                <results>
                  <test-case description="can be imported without any errors" name="module 'PsDfs'.can be imported without any errors(&quot;E:\Owner\Documents\Google Drive\Programs\Scripts\PowerShell\PsDfs\dist\1.0.12\PsDfs\PsDfs.psm1&quot;)" time="0.0102" asserts="0" success="True" result="Success" executed="True" />
                </results>
              </test-suite>
            </results>
          </test-suite>
        </results>
      </test-suite>
      <test-suite type="TestFixture" name="E:\Owner\Documents\Google Drive\Programs\Scripts\PowerShell\PsDfs\tests\Project.tests.ps1" executed="True" result="Success" success="True" time="0.1575" asserts="0" description="E:\Owner\Documents\Google Drive\Programs\Scripts\PowerShell\PsDfs\tests\Project.tests.ps1">
        <results>
          <test-suite type="TestFixture" name="change log" executed="True" result="Success" success="True" time="0.0176" asserts="0" description="change log">
            <results>
              <test-suite type="TestFixture" name="change log.- Version" executed="True" result="Success" success="True" time="0.0145" asserts="0" description="change log.- Version">
                <results>
                  <test-case description="has a valid version" name="change log.- Version.has a valid version" time="0.0056" asserts="0" success="True" result="Success" executed="True" />
                  <test-case description="has the same version as the manifest" name="change log.- Version.has the same version as the manifest" time="0.0037" asserts="0" success="True" result="Success" executed="True" />
                </results>
              </test-suite>
            </results>
          </test-suite>
        </results>
      </test-suite>
    </results>
  </test-suite>
</test-results>